<?xml version="1.0" encoding="UTF-8"?>
<!-- Generated by org.testng.reporters.JUnitReportReporter -->
<testsuite skipped="0" hostname="LT071993" name="businessComponents.NewTest" tests="1" failures="0" timestamp="14 Feb 2018 13:14:50 GMT" time="39.322" errors="0">
  <testcase name="f" time="39.322" classname="businessComponents.NewTest"/>
</testsuite> <!-- businessComponents.NewTest -->
