<?xml version="1.0" encoding="UTF-8"?>
<!-- Generated by org.testng.reporters.JUnitReportReporter -->
<testsuite skipped="0" hostname="LT071993" name="businessComponents.NewTest" tests="1" failures="0" timestamp="15 Feb 2018 11:29:54 GMT" time="28.405" errors="0">
  <testcase name="f" time="28.405" classname="businessComponents.NewTest"/>
</testsuite> <!-- businessComponents.NewTest -->
